{
  "RSpec": {
    "coverage": {
      "/Users/ErinGreenhalgh/turing/3module/projects/rails_engine/config/environment.rb": [
        null,
        1,
        null,
        null,
        1
      ],
      "/Users/ErinGreenhalgh/turing/3module/projects/rails_engine/config/application.rb": [
        1,
        null,
        1,
        null,
        1,
        1,
        1,
        1,
        1,
        1,
        1,
        null,
        null,
        null,
        null,
        null,
        1,
        null,
        1,
        1,
        null,
        1,
        null,
        null,
        null,
        null,
        null,
        null,
        null,
        null,
        1,
        null,
        null
      ],
      "/Users/ErinGreenhalgh/turing/3module/projects/rails_engine/config/boot.rb": [
        1,
        null,
        1
      ],
      "/Users/ErinGreenhalgh/turing/3module/projects/rails_engine/config/environments/test.rb": [
        1,
        null,
        null,
        null,
        null,
        null,
        null,
        1,
        null,
        null,
        null,
        null,
        1,
        null,
        null,
        1,
        1,
        null,
        null,
        null,
        null,
        1,
        1,
        null,
        null,
        1,
        null,
        null,
        1,
        1,
        null,
        null,
        null,
        null,
        1,
        null,
        null,
        1,
        null,
        null,
        null,
        null
      ],
      "/Users/ErinGreenhalgh/turing/3module/projects/rails_engine/config/initializers/application_controller_renderer.rb": [
        null,
        null,
        null,
        null,
        null,
        null
      ],
      "/Users/ErinGreenhalgh/turing/3module/projects/rails_engine/config/initializers/backtrace_silencers.rb": [
        null,
        null,
        null,
        null,
        null,
        null,
        null
      ],
      "/Users/ErinGreenhalgh/turing/3module/projects/rails_engine/config/initializers/cors.rb": [
        null,
        null,
        null,
        null,
        null,
        null,
        null,
        null,
        null,
        null,
        null,
        null,
        null,
        null,
        null,
        null
      ],
      "/Users/ErinGreenhalgh/turing/3module/projects/rails_engine/config/initializers/filter_parameter_logging.rb": [
        null,
        null,
        null,
        1
      ],
      "/Users/ErinGreenhalgh/turing/3module/projects/rails_engine/config/initializers/inflections.rb": [
        null,
        null,
        null,
        null,
        null,
        null,
        null,
        null,
        null,
        null,
        null,
        null,
        null,
        null,
        null,
        null
      ],
      "/Users/ErinGreenhalgh/turing/3module/projects/rails_engine/config/initializers/mime_types.rb": [
        null,
        null,
        null,
        null
      ],
      "/Users/ErinGreenhalgh/turing/3module/projects/rails_engine/config/initializers/new_framework_defaults.rb": [
        null,
        null,
        null,
        null,
        null,
        null,
        null,
        null,
        1,
        null,
        null,
        1,
        null,
        null,
        1,
        null,
        null,
        1
      ],
      "/Users/ErinGreenhalgh/turing/3module/projects/rails_engine/config/initializers/wrap_parameters.rb": [
        null,
        null,
        null,
        null,
        null,
        null,
        1,
        2,
        null,
        null,
        null,
        null,
        null,
        null
      ],
      "/Users/ErinGreenhalgh/turing/3module/projects/rails_engine/config/routes.rb": [
        1,
        null,
        1,
        1,
        1,
        1,
        1,
        null,
        1,
        1,
        1,
        null,
        1,
        1,
        1,
        null,
        1,
        1,
        1,
        null,
        1,
        1,
        1,
        null,
        null,
        null,
        null,
        1,
        1,
        1,
        1,
        1,
        1,
        1,
        null,
        null,
        null
      ],
      "/Users/ErinGreenhalgh/turing/3module/projects/rails_engine/spec/api/v1/merchants_controller_spec.rb": [
        1,
        null,
        1,
        1,
        1,
        1,
        null,
        1,
        null,
        1,
        null,
        1,
        null,
        null,
        1,
        1,
        null,
        1,
        null,
        1,
        null,
        1,
        null,
        1,
        null,
        null
      ],
      "/Users/ErinGreenhalgh/turing/3module/projects/rails_engine/spec/models/customer_spec.rb": [
        1,
        null,
        1,
        1,
        null
      ],
      "/Users/ErinGreenhalgh/turing/3module/projects/rails_engine/app/models/customer.rb": [
        1,
        null
      ],
      "/Users/ErinGreenhalgh/turing/3module/projects/rails_engine/app/models/application_record.rb": [
        1,
        1,
        null
      ],
      "/Users/ErinGreenhalgh/turing/3module/projects/rails_engine/spec/models/invoice_item_spec.rb": [
        1,
        null,
        1,
        1,
        null
      ],
      "/Users/ErinGreenhalgh/turing/3module/projects/rails_engine/app/models/invoice_item.rb": [
        1,
        1,
        null
      ],
      "/Users/ErinGreenhalgh/turing/3module/projects/rails_engine/spec/models/invoice_spec.rb": [
        1,
        null,
        1,
        1,
        null
      ],
      "/Users/ErinGreenhalgh/turing/3module/projects/rails_engine/app/models/invoice.rb": [
        1,
        null
      ],
      "/Users/ErinGreenhalgh/turing/3module/projects/rails_engine/spec/models/item_spec.rb": [
        1,
        null,
        1,
        1,
        null
      ],
      "/Users/ErinGreenhalgh/turing/3module/projects/rails_engine/app/models/item.rb": [
        1,
        1,
        null
      ],
      "/Users/ErinGreenhalgh/turing/3module/projects/rails_engine/spec/models/merchant_spec.rb": [
        1,
        null,
        1,
        1,
        null
      ],
      "/Users/ErinGreenhalgh/turing/3module/projects/rails_engine/app/models/merchant.rb": [
        1,
        null,
        null
      ],
      "/Users/ErinGreenhalgh/turing/3module/projects/rails_engine/spec/models/order_item_spec.rb": [
        1,
        null,
        1,
        1,
        null
      ],
      "/Users/ErinGreenhalgh/turing/3module/projects/rails_engine/app/models/order_item.rb": [
        1,
        1,
        1,
        null
      ],
      "/Users/ErinGreenhalgh/turing/3module/projects/rails_engine/spec/models/order_spec.rb": [
        1,
        null,
        1,
        1,
        null
      ],
      "/Users/ErinGreenhalgh/turing/3module/projects/rails_engine/app/models/order.rb": [
        1,
        null
      ],
      "/Users/ErinGreenhalgh/turing/3module/projects/rails_engine/spec/models/transaction_spec.rb": [
        1,
        null,
        1,
        1,
        null
      ],
      "/Users/ErinGreenhalgh/turing/3module/projects/rails_engine/app/models/transaction.rb": [
        1,
        null
      ],
      "/Users/ErinGreenhalgh/turing/3module/projects/rails_engine/app/controllers/api/v1/merchants/find_controller.rb": [
        1,
        1,
        4,
        null,
        null,
        1,
        4,
        null,
        null,
        1,
        1,
        8,
        null,
        null
      ],
      "/Users/ErinGreenhalgh/turing/3module/projects/rails_engine/app/controllers/application_controller.rb": [
        1,
        null,
        1,
        1,
        null,
        1,
        1,
        null,
        null
      ],
      "/Users/ErinGreenhalgh/turing/3module/projects/rails_engine/lib/application_responder.rb": [
        1,
        1,
        1,
        null,
        null,
        null,
        null,
        null
      ],
      "/Users/ErinGreenhalgh/turing/3module/projects/rails_engine/app/serializers/merchant_serializer.rb": [
        1,
        1,
        null
      ],
      "/Users/ErinGreenhalgh/turing/3module/projects/rails_engine/app/controllers/api/v1/merchants_controller.rb": [
        1,
        1,
        1,
        null,
        null,
        1,
        1,
        null,
        null
      ]
    },
    "timestamp": 1468961236
  }
}
